build/app/intermediates/manifest_merge_blame_file/release/manifest-merger-blame-release-report.txt
1<?xml version="1.0" encoding="utf-8"?>
2<manifest xmlns:android="http://schemas.android.com/apk/res/android"
3    package="com.wrteam.flutterquiz"
4    android:versionCode="5"
5    android:versionName="1.0.4" >
6
7    <uses-sdk
8        android:minSdkVersion="19"
8-->src\main\AndroidManifest.xml
9        android:targetSdkVersion="31" />
9-->src\main\AndroidManifest.xml
10
11    <uses-permission android:name="android.permission.VIBRATE" />
11-->src\main\AndroidManifest.xml:4:4-64
11-->src\main\AndroidManifest.xml:4:21-62
12    <uses-permission android:name="android.permission.INTERNET" />
12-->src\main\AndroidManifest.xml:5:4-65
12-->src\main\AndroidManifest.xml:5:21-63
13    <uses-permission android:name="android.permission.WRITE_EXTERNAL_STORAGE" />
13-->src\main\AndroidManifest.xml:6:5-80
13-->src\main\AndroidManifest.xml:6:22-78
14    <uses-permission android:name="android.permission.READ_EXTERNAL_STORAGE" />
14-->src\main\AndroidManifest.xml:7:5-79
14-->src\main\AndroidManifest.xml:7:22-77
15    <uses-permission android:name="android.permission.RECEIVE_BOOT_COMPLETED" />
15-->src\main\AndroidManifest.xml:9:5-80
15-->src\main\AndroidManifest.xml:9:22-78
16
17    <queries>
17-->src\main\AndroidManifest.xml:94:5-101:15
18
19        <!-- If your app opens https URLs -->
20        <intent>
20-->src\main\AndroidManifest.xml:96:5-99:14
21            <action android:name="android.intent.action.VIEW" />
21-->src\main\AndroidManifest.xml:85:16-68
21-->src\main\AndroidManifest.xml:85:24-65
22
23            <data android:scheme="https" />
23-->src\main\AndroidManifest.xml:88:16-74
23-->src\main\AndroidManifest.xml:88:22-71
24        </intent>
25        <intent>
25-->src\main\AndroidManifest.xml:96:5-99:14
26            <action android:name="android.media.browse.MediaBrowserService" />
27        </intent>
28        <intent>
28-->src\main\AndroidManifest.xml:96:5-99:14
29            <action android:name="androidx.media2.session.MediaSessionService" />
30        </intent>
31        <intent>
31-->src\main\AndroidManifest.xml:96:5-99:14
32            <action android:name="androidx.media2.session.MediaLibraryService" />
33        </intent>
34
35        <package android:name="com.facebook.katana" /> <!-- For browser content -->
35-->[com.facebook.android:audience-network-sdk:6.11.0] AndroidManifest.xml:12:9-55
35-->[com.facebook.android:audience-network-sdk:6.11.0] AndroidManifest.xml:12:18-52
36        <intent>
36-->src\main\AndroidManifest.xml:96:5-99:14
37            <action android:name="android.intent.action.VIEW" />
37-->src\main\AndroidManifest.xml:85:16-68
37-->src\main\AndroidManifest.xml:85:24-65
38
39            <category android:name="android.intent.category.BROWSABLE" />
39-->src\main\AndroidManifest.xml:87:16-77
39-->src\main\AndroidManifest.xml:87:26-74
40
41            <data android:scheme="https" />
41-->src\main\AndroidManifest.xml:88:16-74
41-->src\main\AndroidManifest.xml:88:22-71
42        </intent> <!-- End of browser content -->
43        <!-- For CustomTabsService -->
44        <intent>
44-->src\main\AndroidManifest.xml:96:5-99:14
45            <action android:name="android.support.customtabs.action.CustomTabsService" />
46        </intent>
47    </queries>
48
49    <uses-permission android:name="android.permission.WAKE_LOCK" />
49-->[:firebase_messaging] AndroidManifest.xml:8:5-68
49-->[:firebase_messaging] AndroidManifest.xml:8:22-65
50    <uses-permission android:name="android.permission.ACCESS_NETWORK_STATE" />
50-->[:firebase_messaging] AndroidManifest.xml:9:5-79
50-->[:firebase_messaging] AndroidManifest.xml:9:22-76
51    <uses-permission android:name="android.permission.USE_FULL_SCREEN_INTENT" />
51-->[:flutter_local_notifications] AndroidManifest.xml:9:5-81
51-->[:flutter_local_notifications] AndroidManifest.xml:9:22-78
52    <uses-permission android:name="android.permission.SCHEDULE_EXACT_ALARM" />
52-->[:flutter_local_notifications] AndroidManifest.xml:10:5-79
52-->[:flutter_local_notifications] AndroidManifest.xml:10:22-76
53    <uses-permission android:name="android.permission.FOREGROUND_SERVICE" />
53-->[:assets_audio_player] AndroidManifest.xml:7:5-77
53-->[:assets_audio_player] AndroidManifest.xml:7:22-74
54    <uses-permission android:name="android.permission.READ_PHONE_STATE" /> <!-- Required by older versions of Google Play services to create IID tokens -->
55    <uses-permission android:name="com.google.android.c2dm.permission.RECEIVE" />
55-->[com.google.firebase:firebase-messaging:23.0.4] AndroidManifest.xml:28:5-82
55-->[com.google.firebase:firebase-messaging:23.0.4] AndroidManifest.xml:28:22-79
56    <uses-permission android:name="com.google.android.gms.permission.AD_ID" />
56-->[com.facebook.android:facebook-core:13.2.0] AndroidManifest.xml:28:5-79
56-->[com.facebook.android:facebook-core:13.2.0] AndroidManifest.xml:28:22-76
57    <uses-permission android:name="com.android.vending.BILLING" />
57-->[com.android.billingclient:billing:3.0.2] AndroidManifest.xml:10:5-67
57-->[com.android.billingclient:billing:3.0.2] AndroidManifest.xml:10:22-64
58    <uses-permission android:name="com.google.android.finsky.permission.BIND_GET_INSTALL_REFERRER_SERVICE" />
58-->[com.android.installreferrer:installreferrer:1.0] AndroidManifest.xml:9:5-110
58-->[com.android.installreferrer:installreferrer:1.0] AndroidManifest.xml:9:22-107
59
60    <application
60-->src\main\AndroidManifest.xml:12:4-92:19
61        android:name="androidx.multidex.MultiDexApplication"
62        android:appComponentFactory="androidx.core.app.CoreComponentFactory"
62-->[androidx.core:core:1.8.0] AndroidManifest.xml:24:18-86
63        android:hardwareAccelerated="true"
63-->[:facebook_audience_network] AndroidManifest.xml:7:18-52
64        android:icon="@mipmap/ic_launcher"
64-->src\main\AndroidManifest.xml:14:9-43
65        android:label="Elite Quiz"
65-->src\main\AndroidManifest.xml:13:9-35
66        android:supportsRtl="true"
66-->[com.facebook.android:facebook-login:13.2.0] AndroidManifest.xml:28:18-44
67        android:usesCleartextTraffic="true" >
67-->src\main\AndroidManifest.xml:15:9-44
68        <meta-data
68-->src\main\AndroidManifest.xml:18:8-20:68
69            android:name="com.google.android.gms.ads.APPLICATION_ID"
69-->src\main\AndroidManifest.xml:19:12-68
70            android:value="ca-app-pub-3940256099942544~3347511713" />
70-->src\main\AndroidManifest.xml:20:12-66
71        <meta-data
71-->src\main\AndroidManifest.xml:22:9-24:55
72            android:name="com.google.firebase.messaging.default_notification_channel_id"
72-->src\main\AndroidManifest.xml:23:13-89
73            android:value="high_importance_channel" />
73-->src\main\AndroidManifest.xml:24:13-52
74
75        <activity
75-->src\main\AndroidManifest.xml:26:8-67:20
76            android:name="com.wrteam.flutterquiz.MainActivity"
76-->src\main\AndroidManifest.xml:27:12-40
77            android:configChanges="orientation|keyboardHidden|keyboard|screenSize|smallestScreenSize|locale|layoutDirection|fontScale|screenLayout|density|uiMode"
77-->src\main\AndroidManifest.xml:30:13-163
78            android:exported="true"
78-->src\main\AndroidManifest.xml:34:13-36
79            android:hardwareAccelerated="true"
79-->src\main\AndroidManifest.xml:31:13-47
80            android:launchMode="singleTop"
80-->src\main\AndroidManifest.xml:28:13-43
81            android:resizeableActivity="false"
81-->src\main\AndroidManifest.xml:33:13-47
82            android:theme="@style/LaunchTheme"
82-->src\main\AndroidManifest.xml:29:13-47
83            android:windowSoftInputMode="adjustResize" >
83-->src\main\AndroidManifest.xml:32:13-55
84
85            <!--
86            android:showWhenLocked="true"
87            android:turnScreenOn="true"
88            -->
89            <intent-filter>
89-->src\main\AndroidManifest.xml:39:12-42:28
90                <action android:name="FLUTTER_NOTIFICATION_CLICK" />
90-->src\main\AndroidManifest.xml:40:16-68
90-->src\main\AndroidManifest.xml:40:24-65
91
92                <category android:name="android.intent.category.DEFAULT" />
92-->src\main\AndroidManifest.xml:41:16-75
92-->src\main\AndroidManifest.xml:41:26-72
93            </intent-filter>
94            <!--
95                 Specifies an Android theme to apply to this Activity as soon as
96                 the Android process has started. This theme is visible to the user
97                 while the Flutter UI initializes. After that, this theme continues
98                 to determine the Window background behind the Flutter UI.
99            -->
100            <meta-data
100-->src\main\AndroidManifest.xml:47:13-50:17
101                android:name="io.flutter.embedding.android.NormalTheme"
101-->src\main\AndroidManifest.xml:48:15-70
102                android:resource="@style/NormalTheme" />
102-->src\main\AndroidManifest.xml:49:15-52
103
104            <!--
105              Displays an Android View that continues showing the launch screen
106                 Drawable until Flutter paints its first frame, then this splash
107                 screen fades out. A splash screen is useful to avoid any visual
108                 gap between the end of Android's launch screen and the painting of
109                 
110                 <meta-data
111              android:name="io.flutter.embedding.android.SplashScreenDrawable"
112              android:resource="@drawable/launch_background"
113              />
114                 Flutter's first frame.
115            -->
116
117            <intent-filter>
117-->src\main\AndroidManifest.xml:63:13-66:29
118                <action android:name="android.intent.action.MAIN" />
118-->src\main\AndroidManifest.xml:64:17-68
118-->src\main\AndroidManifest.xml:64:25-66
119
120                <category android:name="android.intent.category.LAUNCHER" />
120-->src\main\AndroidManifest.xml:65:17-76
120-->src\main\AndroidManifest.xml:65:27-74
121            </intent-filter>
122        </activity>
123        <!--
124             Don't delete the meta-data below.
125             This is used by the Flutter tool to generate GeneratedPluginRegistrant.java
126        -->
127        <meta-data
127-->src\main\AndroidManifest.xml:70:9-72:33
128            android:name="flutterEmbedding"
128-->src\main\AndroidManifest.xml:71:13-44
129            android:value="2" />
129-->src\main\AndroidManifest.xml:72:13-30
130        <meta-data
130-->src\main\AndroidManifest.xml:74:8-75:53
131            android:name="com.facebook.sdk.ApplicationId"
131-->src\main\AndroidManifest.xml:74:19-64
132            android:value="@string/facebook_app_id" />
132-->src\main\AndroidManifest.xml:75:12-51
133
134        <activity
134-->src\main\AndroidManifest.xml:77:8-80:47
135            android:name="com.facebook.FacebookActivity"
135-->src\main\AndroidManifest.xml:77:18-62
136            android:configChanges="keyboard|keyboardHidden|screenLayout|screenSize|orientation"
136-->src\main\AndroidManifest.xml:78:12-112
137            android:label="@string/app_name"
137-->src\main\AndroidManifest.xml:80:12-44
138            android:theme="@style/com_facebook_activity_theme" />
138-->[com.facebook.android:facebook-common:13.2.0] AndroidManifest.xml:33:13-63
139        <activity
139-->src\main\AndroidManifest.xml:81:8-90:19
140            android:name="com.facebook.CustomTabActivity"
140-->src\main\AndroidManifest.xml:82:12-57
141            android:exported="true" >
141-->src\main\AndroidManifest.xml:83:12-35
142            <intent-filter>
142-->src\main\AndroidManifest.xml:84:12-89:28
143                <action android:name="android.intent.action.VIEW" />
143-->src\main\AndroidManifest.xml:85:16-68
143-->src\main\AndroidManifest.xml:85:24-65
144
145                <category android:name="android.intent.category.DEFAULT" />
145-->src\main\AndroidManifest.xml:41:16-75
145-->src\main\AndroidManifest.xml:41:26-72
146                <category android:name="android.intent.category.BROWSABLE" />
146-->src\main\AndroidManifest.xml:87:16-77
146-->src\main\AndroidManifest.xml:87:26-74
147
148                <data android:scheme="@string/fb_login_protocol_scheme" />
148-->src\main\AndroidManifest.xml:88:16-74
148-->src\main\AndroidManifest.xml:88:22-71
149            </intent-filter>
150            <intent-filter>
150-->[com.facebook.android:facebook-common:13.2.0] AndroidManifest.xml:39:13-48:29
151                <action android:name="android.intent.action.VIEW" />
151-->src\main\AndroidManifest.xml:85:16-68
151-->src\main\AndroidManifest.xml:85:24-65
152
153                <category android:name="android.intent.category.DEFAULT" />
153-->src\main\AndroidManifest.xml:41:16-75
153-->src\main\AndroidManifest.xml:41:26-72
154                <category android:name="android.intent.category.BROWSABLE" />
154-->src\main\AndroidManifest.xml:87:16-77
154-->src\main\AndroidManifest.xml:87:26-74
155
156                <data
156-->src\main\AndroidManifest.xml:88:16-74
157                    android:host="cct.com.wrteam.flutterquiz"
158                    android:scheme="fbconnect" />
158-->src\main\AndroidManifest.xml:88:22-71
159            </intent-filter>
160        </activity>
161
162        <service
162-->[:firebase_messaging] AndroidManifest.xml:12:9-15:72
163            android:name="io.flutter.plugins.firebase.messaging.FlutterFirebaseMessagingBackgroundService"
163-->[:firebase_messaging] AndroidManifest.xml:13:13-107
164            android:exported="false"
164-->[:firebase_messaging] AndroidManifest.xml:14:13-37
165            android:permission="android.permission.BIND_JOB_SERVICE" />
165-->[:firebase_messaging] AndroidManifest.xml:15:13-69
166        <service
166-->[:firebase_messaging] AndroidManifest.xml:16:9-22:19
167            android:name="io.flutter.plugins.firebase.messaging.FlutterFirebaseMessagingService"
167-->[:firebase_messaging] AndroidManifest.xml:17:13-97
168            android:exported="false" >
168-->[:firebase_messaging] AndroidManifest.xml:18:13-37
169            <intent-filter>
169-->[:firebase_messaging] AndroidManifest.xml:19:13-21:29
170                <action android:name="com.google.firebase.MESSAGING_EVENT" />
170-->[:firebase_messaging] AndroidManifest.xml:20:17-78
170-->[:firebase_messaging] AndroidManifest.xml:20:25-75
171            </intent-filter>
172        </service>
173
174        <receiver
174-->[:firebase_messaging] AndroidManifest.xml:24:9-31:20
175            android:name="io.flutter.plugins.firebase.messaging.FlutterFirebaseMessagingReceiver"
175-->[:firebase_messaging] AndroidManifest.xml:25:13-98
176            android:exported="true"
176-->[:firebase_messaging] AndroidManifest.xml:26:13-36
177            android:permission="com.google.android.c2dm.permission.SEND" >
177-->[:firebase_messaging] AndroidManifest.xml:27:13-73
178            <intent-filter>
178-->[:firebase_messaging] AndroidManifest.xml:28:13-30:29
179                <action android:name="com.google.android.c2dm.intent.RECEIVE" />
179-->[:firebase_messaging] AndroidManifest.xml:29:17-81
179-->[:firebase_messaging] AndroidManifest.xml:29:25-78
180            </intent-filter>
181        </receiver>
182
183        <service
183-->[:firebase_messaging] AndroidManifest.xml:33:9-37:19
184            android:name="com.google.firebase.components.ComponentDiscoveryService"
184-->[:firebase_messaging] AndroidManifest.xml:33:18-89
185            android:directBootAware="true"
185-->[com.google.firebase:firebase-common:20.1.1] AndroidManifest.xml:35:13-43
186            android:exported="false" >
186-->[com.google.firebase:firebase-messaging:23.0.4] AndroidManifest.xml:54:13-37
187            <meta-data
187-->[:firebase_messaging] AndroidManifest.xml:34:13-36:85
188                android:name="com.google.firebase.components:io.flutter.plugins.firebase.messaging.FlutterFirebaseAppRegistrar"
188-->[:firebase_messaging] AndroidManifest.xml:35:17-128
189                android:value="com.google.firebase.components.ComponentRegistrar" />
189-->[:firebase_messaging] AndroidManifest.xml:36:17-82
190            <meta-data
190-->[:cloud_firestore] AndroidManifest.xml:9:13-11:85
191                android:name="com.google.firebase.components:io.flutter.plugins.firebase.firestore.FlutterFirebaseFirestoreRegistrar"
191-->[:cloud_firestore] AndroidManifest.xml:10:17-134
192                android:value="com.google.firebase.components.ComponentRegistrar" />
192-->[:cloud_firestore] AndroidManifest.xml:11:17-82
193            <meta-data
193-->[:firebase_auth] AndroidManifest.xml:9:13-11:85
194                android:name="com.google.firebase.components:io.flutter.plugins.firebase.auth.FlutterFirebaseAuthRegistrar"
194-->[:firebase_auth] AndroidManifest.xml:10:17-124
195                android:value="com.google.firebase.components.ComponentRegistrar" />
195-->[:firebase_auth] AndroidManifest.xml:11:17-82
196            <meta-data
196-->[:firebase_core] AndroidManifest.xml:9:13-11:85
197                android:name="com.google.firebase.components:io.flutter.plugins.firebase.core.FlutterFirebaseCoreRegistrar"
197-->[:firebase_core] AndroidManifest.xml:10:17-124
198                android:value="com.google.firebase.components.ComponentRegistrar" />
198-->[:firebase_core] AndroidManifest.xml:11:17-82
199            <meta-data
199-->[com.google.firebase:firebase-messaging:23.0.4] AndroidManifest.xml:55:13-57:85
200                android:name="com.google.firebase.components:com.google.firebase.messaging.FirebaseMessagingRegistrar"
200-->[com.google.firebase:firebase-messaging:23.0.4] AndroidManifest.xml:56:17-119
201                android:value="com.google.firebase.components.ComponentRegistrar" />
201-->[com.google.firebase:firebase-messaging:23.0.4] AndroidManifest.xml:57:17-82
202            <meta-data
202-->[com.google.firebase:firebase-auth:21.0.3] AndroidManifest.xml:67:13-69:85
203                android:name="com.google.firebase.components:com.google.firebase.auth.FirebaseAuthRegistrar"
203-->[com.google.firebase:firebase-auth:21.0.3] AndroidManifest.xml:68:17-109
204                android:value="com.google.firebase.components.ComponentRegistrar" />
204-->[com.google.firebase:firebase-auth:21.0.3] AndroidManifest.xml:69:17-82
205            <meta-data
205-->[com.google.firebase:firebase-firestore:24.1.2] AndroidManifest.xml:20:13-22:85
206                android:name="com.google.firebase.components:com.google.firebase.firestore.FirestoreRegistrar"
206-->[com.google.firebase:firebase-firestore:24.1.2] AndroidManifest.xml:21:17-111
207                android:value="com.google.firebase.components.ComponentRegistrar" />
207-->[com.google.firebase:firebase-firestore:24.1.2] AndroidManifest.xml:22:17-82
208            <meta-data
208-->[com.google.firebase:firebase-datatransport:18.1.3] AndroidManifest.xml:28:13-30:85
209                android:name="com.google.firebase.components:com.google.firebase.datatransport.TransportRegistrar"
209-->[com.google.firebase:firebase-datatransport:18.1.3] AndroidManifest.xml:29:17-115
210                android:value="com.google.firebase.components.ComponentRegistrar" />
210-->[com.google.firebase:firebase-datatransport:18.1.3] AndroidManifest.xml:30:17-82
211            <meta-data
211-->[com.google.firebase:firebase-installations:17.0.1] AndroidManifest.xml:18:13-20:85
212                android:name="com.google.firebase.components:com.google.firebase.installations.FirebaseInstallationsRegistrar"
212-->[com.google.firebase:firebase-installations:17.0.1] AndroidManifest.xml:19:17-127
213                android:value="com.google.firebase.components.ComponentRegistrar" />
213-->[com.google.firebase:firebase-installations:17.0.1] AndroidManifest.xml:20:17-82
214        </service>
215
216        <provider
216-->[:firebase_messaging] AndroidManifest.xml:39:9-43:38
217            android:name="io.flutter.plugins.firebase.messaging.FlutterFirebaseMessagingInitProvider"
217-->[:firebase_messaging] AndroidManifest.xml:40:13-102
218            android:authorities="com.wrteam.flutterquiz.flutterfirebasemessaginginitprovider"
218-->[:firebase_messaging] AndroidManifest.xml:41:13-88
219            android:exported="false"
219-->[:firebase_messaging] AndroidManifest.xml:42:13-37
220            android:initOrder="99" />
220-->[:firebase_messaging] AndroidManifest.xml:43:13-35
221
222        <receiver
222-->[:flutter_local_notifications] AndroidManifest.xml:13:9-15:40
223            android:name="com.dexterous.flutterlocalnotifications.ScheduledNotificationReceiver"
223-->[:flutter_local_notifications] AndroidManifest.xml:14:13-97
224            android:exported="false" />
224-->[:flutter_local_notifications] AndroidManifest.xml:15:13-37
225        <receiver
225-->[:flutter_local_notifications] AndroidManifest.xml:16:9-25:20
226            android:name="com.dexterous.flutterlocalnotifications.ScheduledNotificationBootReceiver"
226-->[:flutter_local_notifications] AndroidManifest.xml:17:13-101
227            android:exported="false" >
227-->[:flutter_local_notifications] AndroidManifest.xml:18:13-37
228            <intent-filter>
228-->[:flutter_local_notifications] AndroidManifest.xml:19:13-24:29
229                <action android:name="android.intent.action.BOOT_COMPLETED" />
229-->[:flutter_local_notifications] AndroidManifest.xml:20:17-79
229-->[:flutter_local_notifications] AndroidManifest.xml:20:25-76
230                <action android:name="android.intent.action.MY_PACKAGE_REPLACED" />
230-->[:flutter_local_notifications] AndroidManifest.xml:21:17-84
230-->[:flutter_local_notifications] AndroidManifest.xml:21:25-81
231                <action android:name="android.intent.action.QUICKBOOT_POWERON" />
231-->[:flutter_local_notifications] AndroidManifest.xml:22:17-82
231-->[:flutter_local_notifications] AndroidManifest.xml:22:25-79
232                <action android:name="com.htc.intent.action.QUICKBOOT_POWERON" />
232-->[:flutter_local_notifications] AndroidManifest.xml:23:17-82
232-->[:flutter_local_notifications] AndroidManifest.xml:23:25-79
233            </intent-filter>
234        </receiver>
235        <receiver
235-->[:assets_audio_player] AndroidManifest.xml:12:9-14:39
236            android:name="com.github.florent37.assets_audio_player.notification.NotificationActionReceiver"
236-->[:assets_audio_player] AndroidManifest.xml:13:13-108
237            android:exported="true" />
237-->[:assets_audio_player] AndroidManifest.xml:14:13-36
238        <receiver
238-->[:assets_audio_player] AndroidManifest.xml:15:9-21:20
239            android:name="com.github.florent37.assets_audio_player.notification.CustomMediaButtonReceiver"
239-->[:assets_audio_player] AndroidManifest.xml:16:13-107
240            android:exported="true" >
240-->[:assets_audio_player] AndroidManifest.xml:17:13-36
241            <intent-filter>
241-->[:assets_audio_player] AndroidManifest.xml:18:13-20:29
242                <action android:name="android.intent.action.MEDIA_BUTTON" />
242-->[:assets_audio_player] AndroidManifest.xml:19:17-77
242-->[:assets_audio_player] AndroidManifest.xml:19:25-74
243            </intent-filter>
244        </receiver>
245
246        <service
246-->[:assets_audio_player] AndroidManifest.xml:23:9-33:19
247            android:name="com.github.florent37.assets_audio_player.notification.NotificationService"
247-->[:assets_audio_player] AndroidManifest.xml:24:13-101
248            android:enabled="true"
248-->[:assets_audio_player] AndroidManifest.xml:25:13-35
249            android:exported="true" >
249-->[:assets_audio_player] AndroidManifest.xml:26:13-36
250
251            <!--
252            <intent-filter>
253                <action android:name="android.intent.action.MEDIA_BUTTON" />
254            </intent-filter>
255            -->
256        </service>
257
258        <meta-data
258-->[:google_mobile_ads] AndroidManifest.xml:10:9-12:36
259            android:name="io.flutter.embedded_views_preview"
259-->[:google_mobile_ads] AndroidManifest.xml:11:13-61
260            android:value="true" />
260-->[:google_mobile_ads] AndroidManifest.xml:12:13-33
261
262        <provider
262-->[:share_plus] AndroidManifest.xml:8:9-16:20
263            android:name="dev.fluttercommunity.plus.share.ShareFileProvider"
263-->[:share_plus] AndroidManifest.xml:9:13-77
264            android:authorities="com.wrteam.flutterquiz.flutter.share_provider"
264-->[:share_plus] AndroidManifest.xml:10:13-74
265            android:exported="false"
265-->[:share_plus] AndroidManifest.xml:11:13-37
266            android:grantUriPermissions="true" >
266-->[:share_plus] AndroidManifest.xml:12:13-47
267            <meta-data
267-->[:share_plus] AndroidManifest.xml:13:13-15:68
268                android:name="android.support.FILE_PROVIDER_PATHS"
268-->[:share_plus] AndroidManifest.xml:14:17-67
269                android:resource="@xml/flutter_share_file_paths" />
269-->[:share_plus] AndroidManifest.xml:15:17-65
270        </provider>
271        <provider
271-->[:image_picker_android] AndroidManifest.xml:8:9-16:20
272            android:name="io.flutter.plugins.imagepicker.ImagePickerFileProvider"
272-->[:image_picker_android] AndroidManifest.xml:9:13-82
273            android:authorities="com.wrteam.flutterquiz.flutter.image_provider"
273-->[:image_picker_android] AndroidManifest.xml:10:13-74
274            android:exported="false"
274-->[:image_picker_android] AndroidManifest.xml:11:13-37
275            android:grantUriPermissions="true" >
275-->[:image_picker_android] AndroidManifest.xml:12:13-47
276            <meta-data
276-->[:share_plus] AndroidManifest.xml:13:13-15:68
277                android:name="android.support.FILE_PROVIDER_PATHS"
277-->[:share_plus] AndroidManifest.xml:14:17-67
278                android:resource="@xml/flutter_image_picker_file_paths" />
278-->[:share_plus] AndroidManifest.xml:15:17-65
279        </provider>
280
281        <activity
281-->[:url_launcher_android] AndroidManifest.xml:8:9-11:74
282            android:name="io.flutter.plugins.urllauncher.WebViewActivity"
282-->[:url_launcher_android] AndroidManifest.xml:9:13-74
283            android:exported="false"
283-->[:url_launcher_android] AndroidManifest.xml:10:13-37
284            android:theme="@android:style/Theme.NoTitleBar.Fullscreen" />
284-->[:url_launcher_android] AndroidManifest.xml:11:13-71
285
286        <uses-library
286-->[androidx.window:window:1.0.0-beta04] AndroidManifest.xml:25:9-27:40
287            android:name="androidx.window.extensions"
287-->[androidx.window:window:1.0.0-beta04] AndroidManifest.xml:26:13-54
288            android:required="false" />
288-->[androidx.window:window:1.0.0-beta04] AndroidManifest.xml:27:13-37
289        <uses-library
289-->[androidx.window:window:1.0.0-beta04] AndroidManifest.xml:28:9-30:40
290            android:name="androidx.window.sidecar"
290-->[androidx.window:window:1.0.0-beta04] AndroidManifest.xml:29:13-51
291            android:required="false" />
291-->[androidx.window:window:1.0.0-beta04] AndroidManifest.xml:30:13-37
292
293        <receiver
293-->[com.google.firebase:firebase-messaging:23.0.4] AndroidManifest.xml:31:9-38:20
294            android:name="com.google.firebase.iid.FirebaseInstanceIdReceiver"
294-->[com.google.firebase:firebase-messaging:23.0.4] AndroidManifest.xml:32:13-78
295            android:exported="true"
295-->[com.google.firebase:firebase-messaging:23.0.4] AndroidManifest.xml:33:13-36
296            android:permission="com.google.android.c2dm.permission.SEND" >
296-->[com.google.firebase:firebase-messaging:23.0.4] AndroidManifest.xml:34:13-73
297            <intent-filter>
297-->[:firebase_messaging] AndroidManifest.xml:28:13-30:29
298                <action android:name="com.google.android.c2dm.intent.RECEIVE" />
298-->[:firebase_messaging] AndroidManifest.xml:29:17-81
298-->[:firebase_messaging] AndroidManifest.xml:29:25-78
299            </intent-filter>
300        </receiver>
301        <!--
302             FirebaseMessagingService performs security checks at runtime,
303             but set to not exported to explicitly avoid allowing another app to call it.
304        -->
305        <service
305-->[com.google.firebase:firebase-messaging:23.0.4] AndroidManifest.xml:44:9-51:19
306            android:name="com.google.firebase.messaging.FirebaseMessagingService"
306-->[com.google.firebase:firebase-messaging:23.0.4] AndroidManifest.xml:45:13-82
307            android:directBootAware="true"
307-->[com.google.firebase:firebase-messaging:23.0.4] AndroidManifest.xml:46:13-43
308            android:exported="false" >
308-->[com.google.firebase:firebase-messaging:23.0.4] AndroidManifest.xml:47:13-37
309            <intent-filter android:priority="-500" >
309-->[:firebase_messaging] AndroidManifest.xml:19:13-21:29
310                <action android:name="com.google.firebase.MESSAGING_EVENT" />
310-->[:firebase_messaging] AndroidManifest.xml:20:17-78
310-->[:firebase_messaging] AndroidManifest.xml:20:25-75
311            </intent-filter>
312        </service>
313
314        <activity
314-->[com.google.android.gms:play-services-auth:20.0.1] AndroidManifest.xml:23:9-27:75
315            android:name="com.google.android.gms.auth.api.signin.internal.SignInHubActivity"
315-->[com.google.android.gms:play-services-auth:20.0.1] AndroidManifest.xml:24:13-93
316            android:excludeFromRecents="true"
316-->[com.google.android.gms:play-services-auth:20.0.1] AndroidManifest.xml:25:13-46
317            android:exported="false"
317-->[com.google.android.gms:play-services-auth:20.0.1] AndroidManifest.xml:26:13-37
318            android:theme="@android:style/Theme.Translucent.NoTitleBar" />
318-->[com.google.android.gms:play-services-auth:20.0.1] AndroidManifest.xml:27:13-72
319        <!--
320            Service handling Google Sign-In user revocation. For apps that do not integrate with
321            Google Sign-In, this service will never be started.
322        -->
323        <service
323-->[com.google.android.gms:play-services-auth:20.0.1] AndroidManifest.xml:33:9-37:51